<?xml version="1.0" encoding="UTF-8"?>
<!-- Generated by org.testng.reporters.JUnitReportReporter -->
<testsuite hostname="DESKTOP-V8MVK5I" name="SIMPLE.LaunchBrowser" tests="1" failures="0" timestamp="24 Feb 2020 05:21:03 GMT" time="8.601" errors="0">
  <testcase name="launch" time="8.601" classname="SIMPLE.LaunchBrowser"/>
</testsuite> <!-- SIMPLE.LaunchBrowser -->
