<?xml version="1.0" encoding="UTF-8"?>
<!-- Generated by org.testng.reporters.JUnitReportReporter -->
<testsuite hostname="DESKTOP-V8MVK5I" name="SIMPLE.LaunchBrowser" tests="1" failures="0" timestamp="24 Feb 2020 06:18:11 GMT" time="9.622" errors="0">
  <testcase name="launch" time="9.622" classname="SIMPLE.LaunchBrowser"/>
</testsuite> <!-- SIMPLE.LaunchBrowser -->
